<?xml version="1.0" encoding="UTF-8"?>
<testsuites>
  <testsuite name="Fundoo" file="/var/www/html/codeigniter/application/tests/controllers/Fundoo.php" tests="3" assertions="3" errors="0" failures="1" skipped="0" time="0.478515">
    <testcase name="testRegister" class="Fundoo" classname="Fundoo" file="/var/www/html/codeigniter/application/tests/controllers/Fundoo.php" line="23" assertions="1" time="0.090606">
      <failure type="PHPUnit\Framework\ExpectationFailedException">Fundoo::testRegister
Email already exists
Failed asserting that two strings are equal.
--- Expected
+++ Actual
@@ @@
-'200'
+'201'

/var/www/html/codeigniter/application/tests/controllers/Fundoo.php:61
</failure>
    </testcase>
    <testcase name="testlogin" class="Fundoo" classname="Fundoo" file="/var/www/html/codeigniter/application/tests/controllers/Fundoo.php" line="65" assertions="1" time="0.069092"/>
    <testcase name="testNotes" class="Fundoo" classname="Fundoo" file="/var/www/html/codeigniter/application/tests/controllers/Fundoo.php" line="78" assertions="1" time="0.318817"/>
  </testsuite>
</testsuites>
