<?xml version="1.0" encoding="UTF-8"?>
<testsuites>
  <testsuite name="Fundoo" file="/var/www/html/codeigniter/application/tests/controllers/Fundoo.php" tests="4" assertions="4" errors="0" failures="0" skipped="0" time="0.273875">
    <testcase name="testlogin" class="Fundoo" classname="Fundoo" file="/var/www/html/codeigniter/application/tests/controllers/Fundoo.php" line="57" assertions="1" time="0.093345"/>
    <testcase name="testNotes" class="Fundoo" classname="Fundoo" file="/var/www/html/codeigniter/application/tests/controllers/Fundoo.php" line="70" assertions="1" time="0.059011"/>
    <testcase name="testReminder" class="Fundoo" classname="Fundoo" file="/var/www/html/codeigniter/application/tests/controllers/Fundoo.php" line="86" assertions="1" time="0.056905"/>
    <testcase name="testforgotPasswordFunction" class="Fundoo" classname="Fundoo" file="/var/www/html/codeigniter/application/tests/controllers/Fundoo.php" line="101" assertions="1" time="0.064614"/>
  </testsuite>
</testsuites>
